{"/Users/apple/myGithub/vue-test/src/components/BasicForm.vue": {"path":"/Users/apple/myGithub/vue-test/src/components/BasicForm.vue","statementMap":{"0":{"start":{"line":18,"column":0},"end":{"line":18,"column":null}},"1":{"start":{"line":19,"column":15},"end":{"line":19,"column":31}},"2":{"start":{"line":21,"column":8},"end":{"line":21,"column":15}},"3":{"start":{"line":34,"column":12},"end":{"line":34,"column":17}}},"fnMap":{"0":{"name":"(anonymous_0)","decl":{"start":{"line":20,"column":8},"end":{"line":20,"column":null}},"loc":{"start":{"line":20,"column":8},"end":{"line":30,"column":null}}},"1":{"name":"(anonymous_1)","decl":{"start":{"line":33,"column":14},"end":{"line":33,"column":null}},"loc":{"start":{"line":33,"column":14},"end":{"line":35,"column":null}}}},"branchMap":{},"s":{"0":1,"1":1,"2":1,"3":1},"f":{"0":1,"1":1},"b":{}}
,"/Users/apple/myGithub/vue-test/src/components/Counter.vue": {"path":"/Users/apple/myGithub/vue-test/src/components/Counter.vue","statementMap":{"0":{"start":{"line":9,"column":0},"end":{"line":9,"column":null}},"1":{"start":{"line":10,"column":15},"end":{"line":10,"column":31}},"2":{"start":{"line":12,"column":8},"end":{"line":12,"column":15}},"3":{"start":{"line":19,"column":12},"end":{"line":19,"column":17}},"4":{"start":{"line":20,"column":12},"end":{"line":20,"column":17}},"5":{"start":{"line":23,"column":12},"end":{"line":23,"column":17}},"6":{"start":{"line":24,"column":12},"end":{"line":24,"column":17}}},"fnMap":{"0":{"name":"(anonymous_0)","decl":{"start":{"line":11,"column":8},"end":{"line":11,"column":null}},"loc":{"start":{"line":11,"column":8},"end":{"line":15,"column":null}}},"1":{"name":"(anonymous_1)","decl":{"start":{"line":18,"column":19},"end":{"line":18,"column":null}},"loc":{"start":{"line":18,"column":19},"end":{"line":21,"column":null}}},"2":{"name":"(anonymous_2)","decl":{"start":{"line":22,"column":17},"end":{"line":22,"column":null}},"loc":{"start":{"line":22,"column":17},"end":{"line":28,"column":null}}}},"branchMap":{},"s":{"0":1,"1":1,"2":1,"3":2,"4":2,"5":0,"6":0},"f":{"0":1,"1":2,"2":0},"b":{}}
,"/Users/apple/myGithub/vue-test/src/components/Greeting.vue": {"path":"/Users/apple/myGithub/vue-test/src/components/Greeting.vue","statementMap":{"0":{"start":{"line":8,"column":0},"end":{"line":8,"column":null}},"1":{"start":{"line":9,"column":15},"end":{"line":9,"column":31}},"2":{"start":{"line":12,"column":8},"end":{"line":12,"column":15}}},"fnMap":{"0":{"name":"(anonymous_0)","decl":{"start":{"line":11,"column":8},"end":{"line":11,"column":null}},"loc":{"start":{"line":11,"column":8},"end":{"line":15,"column":null}}}},"branchMap":{},"s":{"0":1,"1":1,"2":1},"f":{"0":1},"b":{}}
,"/Users/apple/myGithub/vue-test/src/components/HelloWorld.vue": {"path":"/Users/apple/myGithub/vue-test/src/components/HelloWorld.vue","statementMap":{"0":{"start":{"line":37,"column":0},"end":{"line":37,"column":null}},"1":{"start":{"line":39,"column":15},"end":{"line":39,"column":31}}},"fnMap":{},"branchMap":{},"s":{"0":1,"1":1},"f":{},"b":{}}
,"/Users/apple/myGithub/vue-test/src/components/Nav.vue": {"path":"/Users/apple/myGithub/vue-test/src/components/Nav.vue","statementMap":{"0":{"start":{"line":12,"column":0},"end":{"line":12,"column":null}},"1":{"start":{"line":13,"column":15},"end":{"line":13,"column":31}},"2":{"start":{"line":16,"column":8},"end":{"line":16,"column":15}}},"fnMap":{"0":{"name":"(anonymous_0)","decl":{"start":{"line":15,"column":8},"end":{"line":15,"column":null}},"loc":{"start":{"line":15,"column":8},"end":{"line":20,"column":null}}}},"branchMap":{},"s":{"0":2,"1":2,"2":3},"f":{"0":3},"b":{}}
,"/Users/apple/myGithub/vue-test/src/components/TodoApp.vue": {"path":"/Users/apple/myGithub/vue-test/src/components/TodoApp.vue","statementMap":{"0":{"start":{"line":15,"column":0},"end":{"line":15,"column":null}},"1":{"start":{"line":16,"column":15},"end":{"line":16,"column":31}},"2":{"start":{"line":19,"column":8},"end":{"line":19,"column":15}},"3":{"start":{"line":32,"column":12},"end":{"line":32,"column":17}}},"fnMap":{"0":{"name":"(anonymous_0)","decl":{"start":{"line":18,"column":8},"end":{"line":18,"column":null}},"loc":{"start":{"line":18,"column":8},"end":{"line":29,"column":null}}},"1":{"name":"(anonymous_1)","decl":{"start":{"line":31,"column":18},"end":{"line":31,"column":null}},"loc":{"start":{"line":31,"column":18},"end":{"line":37,"column":null}}}},"branchMap":{},"s":{"0":3,"1":3,"2":3,"3":1},"f":{"0":3,"1":1},"b":{}}
,"/Users/apple/myGithub/vue-test/src/utils/is.ts": {"path":"/Users/apple/myGithub/vue-test/src/utils/is.ts","statementMap":{"0":{"start":{"line":1,"column":25},"end":{"line":1,"column":null}},"1":{"start":{"line":1,"column":57},"end":{"line":1,"column":null}},"2":{"start":{"line":3,"column":25},"end":{"line":3,"column":null}},"3":{"start":{"line":3,"column":42},"end":{"line":3,"column":null}},"4":{"start":{"line":4,"column":27},"end":{"line":4,"column":null}},"5":{"start":{"line":4,"column":61},"end":{"line":4,"column":null}},"6":{"start":{"line":6,"column":22},"end":{"line":9,"column":null}},"7":{"start":{"line":7,"column":16},"end":{"line":7,"column":null}},"8":{"start":{"line":8,"column":4},"end":{"line":8,"column":11}},"9":{"start":{"line":11,"column":25},"end":{"line":13,"column":null}},"10":{"start":{"line":12,"column":4},"end":{"line":12,"column":11}},"11":{"start":{"line":15,"column":26},"end":{"line":17,"column":null}},"12":{"start":{"line":16,"column":4},"end":{"line":16,"column":11}},"13":{"start":{"line":19,"column":33},"end":{"line":19,"column":72}},"14":{"start":{"line":19,"column":67},"end":{"line":19,"column":72}}},"fnMap":{"0":{"name":"(anonymous_0)","decl":{"start":{"line":1,"column":25},"end":{"line":1,"column":57}},"loc":{"start":{"line":1,"column":57},"end":{"line":1,"column":null}}},"1":{"name":"(anonymous_1)","decl":{"start":{"line":3,"column":25},"end":{"line":3,"column":42}},"loc":{"start":{"line":3,"column":42},"end":{"line":3,"column":null}}},"2":{"name":"(anonymous_2)","decl":{"start":{"line":4,"column":27},"end":{"line":4,"column":61}},"loc":{"start":{"line":4,"column":61},"end":{"line":4,"column":null}}},"3":{"name":"(anonymous_3)","decl":{"start":{"line":6,"column":22},"end":{"line":6,"column":47}},"loc":{"start":{"line":6,"column":47},"end":{"line":9,"column":null}}},"4":{"name":"(anonymous_4)","decl":{"start":{"line":11,"column":25},"end":{"line":11,"column":43}},"loc":{"start":{"line":11,"column":43},"end":{"line":13,"column":null}}},"5":{"name":"(anonymous_5)","decl":{"start":{"line":15,"column":26},"end":{"line":15,"column":62}},"loc":{"start":{"line":15,"column":62},"end":{"line":17,"column":null}}},"6":{"name":"(anonymous_6)","decl":{"start":{"line":19,"column":33},"end":{"line":19,"column":67}},"loc":{"start":{"line":19,"column":67},"end":{"line":19,"column":72}}}},"branchMap":{"0":{"loc":{"start":{"line":12,"column":11},"end":{"line":12,"column":29}},"type":"binary-expr","locations":[{"start":{"line":12,"column":11},"end":{"line":12,"column":29}},{"start":{"line":12,"column":29},"end":{"line":12,"column":null}}]}},"s":{"0":2,"1":1,"2":2,"3":1,"4":2,"5":1,"6":2,"7":1,"8":1,"9":2,"10":1,"11":2,"12":1,"13":2,"14":1},"f":{"0":1,"1":1,"2":1,"3":1,"4":1,"5":1,"6":1},"b":{"0":[1,1]}}
,"/Users/apple/myGithub/vue-test/src/utils/utils.ts": {"path":"/Users/apple/myGithub/vue-test/src/utils/utils.ts","statementMap":{"0":{"start":{"line":1,"column":0},"end":{"line":1,"column":null}},"1":{"start":{"line":2,"column":0},"end":{"line":2,"column":null}},"2":{"start":{"line":3,"column":28},"end":{"line":7,"column":null}},"3":{"start":{"line":4,"column":16},"end":{"line":4,"column":20}},"4":{"start":{"line":6,"column":4},"end":{"line":6,"column":11}},"5":{"start":{"line":13,"column":70},"end":{"line":13,"column":null}},"6":{"start":{"line":14,"column":30},"end":{"line":14,"column":null}},"7":{"start":{"line":16,"column":4},"end":{"line":16,"column":12}},"8":{"start":{"line":17,"column":4},"end":{"line":17,"column":14}},"9":{"start":{"line":18,"column":4},"end":{"line":18,"column":10}},"10":{"start":{"line":21,"column":32},"end":{"line":39,"column":null}},"11":{"start":{"line":22,"column":4},"end":{"line":24,"column":null}},"12":{"start":{"line":23,"column":8},"end":{"line":23,"column":14}},"13":{"start":{"line":26,"column":42},"end":{"line":26,"column":46}},"14":{"start":{"line":27,"column":4},"end":{"line":31,"column":null}},"15":{"start":{"line":28,"column":8},"end":{"line":28,"column":20}},"16":{"start":{"line":29,"column":8},"end":{"line":29,"column":16}},"17":{"start":{"line":30,"column":8},"end":{"line":30,"column":15}},"18":{"start":{"line":32,"column":4},"end":{"line":38,"column":null}},"19":{"start":{"line":33,"column":8},"end":{"line":33,"column":13}},"20":{"start":{"line":34,"column":12},"end":{"line":34,"column":24}},"21":{"start":{"line":36,"column":8},"end":{"line":36,"column":16}},"22":{"start":{"line":37,"column":8},"end":{"line":37,"column":null}}},"fnMap":{"0":{"name":"(anonymous_0)","decl":{"start":{"line":3,"column":28},"end":{"line":3,"column":33}},"loc":{"start":{"line":3,"column":33},"end":{"line":7,"column":null}}},"1":{"name":"openWindow","decl":{"start":{"line":9,"column":16},"end":{"line":9,"column":null}},"loc":{"start":{"line":11,"column":77},"end":{"line":19,"column":null}}},"2":{"name":"(anonymous_2)","decl":{"start":{"line":21,"column":32},"end":{"line":21,"column":58}},"loc":{"start":{"line":21,"column":58},"end":{"line":39,"column":null}}},"3":{"name":"(anonymous_3)","decl":{"start":{"line":33,"column":22},"end":{"line":33,"column":26}},"loc":{"start":{"line":33,"column":29},"end":{"line":35,"column":null}}}},"branchMap":{"0":{"loc":{"start":{"line":13,"column":21},"end":{"line":13,"column":31}},"type":"default-arg","locations":[{"start":{"line":13,"column":21},"end":{"line":13,"column":31}}]},"1":{"loc":{"start":{"line":13,"column":42},"end":{"line":13,"column":48}},"type":"default-arg","locations":[{"start":{"line":13,"column":42},"end":{"line":13,"column":48}}]},"2":{"loc":{"start":{"line":13,"column":61},"end":{"line":13,"column":70}},"type":"default-arg","locations":[{"start":{"line":13,"column":61},"end":{"line":13,"column":70}}]},"3":{"loc":{"start":{"line":13,"column":70},"end":{"line":13,"column":73}},"type":"binary-expr","locations":[{"start":{"line":13,"column":70},"end":{"line":13,"column":73}},{"start":{"line":13,"column":77},"end":{"line":13,"column":null}}]},"4":{"loc":{"start":{"line":16,"column":4},"end":{"line":16,"column":12}},"type":"binary-expr","locations":[{"start":{"line":16,"column":4},"end":{"line":16,"column":12}},{"start":{"line":16,"column":16},"end":{"line":16,"column":23}}]},"5":{"loc":{"start":{"line":17,"column":4},"end":{"line":17,"column":14}},"type":"binary-expr","locations":[{"start":{"line":17,"column":4},"end":{"line":17,"column":14}},{"start":{"line":17,"column":18},"end":{"line":17,"column":25}}]},"6":{"loc":{"start":{"line":22,"column":4},"end":{"line":24,"column":null}},"type":"if","locations":[{"start":{"line":22,"column":4},"end":{"line":24,"column":null}},{"start":{"line":22,"column":4},"end":{"line":24,"column":null}}]},"7":{"loc":{"start":{"line":22,"column":8},"end":{"line":22,"column":18}},"type":"binary-expr","locations":[{"start":{"line":22,"column":8},"end":{"line":22,"column":18}},{"start":{"line":22,"column":28},"end":{"line":22,"column":37}}]},"8":{"loc":{"start":{"line":27,"column":4},"end":{"line":31,"column":null}},"type":"if","locations":[{"start":{"line":27,"column":4},"end":{"line":31,"column":null}},{"start":{"line":27,"column":4},"end":{"line":31,"column":null}}]},"9":{"loc":{"start":{"line":28,"column":8},"end":{"line":28,"column":20}},"type":"binary-expr","locations":[{"start":{"line":28,"column":8},"end":{"line":28,"column":20}},{"start":{"line":28,"column":35},"end":{"line":28,"column":47}}]},"10":{"loc":{"start":{"line":32,"column":4},"end":{"line":38,"column":null}},"type":"if","locations":[{"start":{"line":32,"column":4},"end":{"line":38,"column":null}},{"start":{"line":32,"column":4},"end":{"line":38,"column":null}}]},"11":{"loc":{"start":{"line":34,"column":12},"end":{"line":34,"column":24}},"type":"binary-expr","locations":[{"start":{"line":34,"column":12},"end":{"line":34,"column":24}},{"start":{"line":34,"column":38},"end":{"line":34,"column":50}}]}},"s":{"0":1,"1":1,"2":1,"3":1,"4":1,"5":1,"6":1,"7":1,"8":1,"9":1,"10":1,"11":0,"12":0,"13":0,"14":0,"15":0,"16":0,"17":0,"18":0,"19":0,"20":0,"21":0,"22":0},"f":{"0":1,"1":1,"2":0,"3":0},"b":{"0":[0],"1":[1],"2":[1],"3":[1,0],"4":[1,1],"5":[1,1],"6":[0,0],"7":[0,0],"8":[0,0],"9":[0,0],"10":[0,0],"11":[0,0]}}
}
