TN:
SF:/Users/apple/myGithub/vue-test/src/components/BasicForm.vue
FN:20,(anonymous_0)
FN:33,(anonymous_1)
FNF:2
FNH:2
FNDA:1,(anonymous_0)
FNDA:1,(anonymous_1)
DA:18,1
DA:19,1
DA:21,1
DA:34,1
LF:4
LH:4
BRF:0
BRH:0
end_of_record
TN:
SF:/Users/apple/myGithub/vue-test/src/components/Counter.vue
FN:11,(anonymous_0)
FN:18,(anonymous_1)
FN:22,(anonymous_2)
FNF:3
FNH:2
FNDA:1,(anonymous_0)
FNDA:2,(anonymous_1)
FNDA:0,(anonymous_2)
DA:9,1
DA:10,1
DA:12,1
DA:19,2
DA:20,2
DA:23,0
DA:24,0
LF:7
LH:5
BRF:0
BRH:0
end_of_record
TN:
SF:/Users/apple/myGithub/vue-test/src/components/Greeting.vue
FN:11,(anonymous_0)
FNF:1
FNH:1
FNDA:1,(anonymous_0)
DA:8,1
DA:9,1
DA:12,1
LF:3
LH:3
BRF:0
BRH:0
end_of_record
TN:
SF:/Users/apple/myGithub/vue-test/src/components/HelloWorld.vue
FNF:0
FNH:0
DA:37,1
DA:39,1
LF:2
LH:2
BRF:0
BRH:0
end_of_record
TN:
SF:/Users/apple/myGithub/vue-test/src/components/Nav.vue
FN:15,(anonymous_0)
FNF:1
FNH:1
FNDA:3,(anonymous_0)
DA:12,2
DA:13,2
DA:16,3
LF:3
LH:3
BRF:0
BRH:0
end_of_record
TN:
SF:/Users/apple/myGithub/vue-test/src/components/TodoApp.vue
FN:18,(anonymous_0)
FN:31,(anonymous_1)
FNF:2
FNH:2
FNDA:3,(anonymous_0)
FNDA:1,(anonymous_1)
DA:15,3
DA:16,3
DA:19,3
DA:32,1
LF:4
LH:4
BRF:0
BRH:0
end_of_record
TN:
SF:/Users/apple/myGithub/vue-test/src/utils/is.ts
FN:1,(anonymous_0)
FN:3,(anonymous_1)
FN:4,(anonymous_2)
FN:6,(anonymous_3)
FN:11,(anonymous_4)
FN:15,(anonymous_5)
FN:19,(anonymous_6)
FNF:7
FNH:7
FNDA:1,(anonymous_0)
FNDA:1,(anonymous_1)
FNDA:1,(anonymous_2)
FNDA:1,(anonymous_3)
FNDA:1,(anonymous_4)
FNDA:1,(anonymous_5)
FNDA:1,(anonymous_6)
DA:1,1
DA:3,1
DA:4,1
DA:6,1
DA:7,1
DA:8,1
DA:11,1
DA:12,1
DA:15,1
DA:16,1
DA:19,1
LF:11
LH:11
BRDA:12,0,0,1
BRDA:12,0,1,1
BRF:2
BRH:2
end_of_record
